#
# There is insufficient memory for the Java Runtime Environment to continue.
# Native memory allocation (malloc) failed to allocate 1048576 bytes for AllocateHeap
# Possible reasons:
#   The system is out of physical RAM or swap space
#   The process is running with CompressedOops enabled, and the Java Heap may be blocking the growth of the native heap
# Possible solutions:
#   Reduce memory load on the system
#   Increase physical memory or swap space
#   Check if swap backing store is full
#   Decrease Java heap size (-Xmx/-Xms)
#   Decrease number of Java threads
#   Decrease Java thread stack sizes (-Xss)
#   Set larger code cache with -XX:ReservedCodeCacheSize=
#   JVM is running with Zero Based Compressed Oops mode in which the Java heap is
#     placed in the first 32GB address space. The Java Heap base address is the
#     maximum limit for the native heap growth. Please use -XX:HeapBaseMinAddress
#     to set the Java Heap base and to place the Java Heap above 32GB virtual address.
# This output file may be truncated or incomplete.
#
#  Out of Memory Error (memory/allocation.inline.hpp:61), pid=17040, tid=0x0000000000003e60
#
# JRE version:  (8.0_291-b10) (build )
# Java VM: Java HotSpot(TM) 64-Bit Server VM (25.291-b10 mixed mode windows-amd64 compressed oops)
# Failed to write core dump. Minidumps are not enabled by default on client versions of Windows
#

---------------  T H R E A D  ---------------

Current thread (0x000002904d76d800):  JavaThread "Unknown thread" [_thread_in_vm, id=15968, stack(0x000000ce63d00000,0x000000ce63e00000)]

Stack: [0x000000ce63d00000,0x000000ce63e00000]
Native frames: (J=compiled Java code, j=interpreted, Vv=VM code, C=native code)
V  [jvm.dll+0x32ea19]
V  [jvm.dll+0x275462]
V  [jvm.dll+0x27610d]
V  [jvm.dll+0x26cb45]
V  [jvm.dll+0x509d]
V  [jvm.dll+0x3c91ad]
V  [jvm.dll+0x3c9f2a]
V  [jvm.dll+0x3c5ec7]
V  [jvm.dll+0xfcaff]
V  [jvm.dll+0x209dfb]
V  [jvm.dll+0x238827]
V  [jvm.dll+0x1625b6]
C  [java.exe+0x2312]
C  [java.exe+0x15f54]
C  [KERNEL32.DLL+0x17034]
C  [ntdll.dll+0x52651]


---------------  P R O C E S S  ---------------

Java Threads: ( => current thread )

Other Threads:

=>0x000002904d76d800 (exited) JavaThread "Unknown thread" [_thread_in_vm, id=15968, stack(0x000000ce63d00000,0x000000ce63e00000)]

VM state:not at safepoint (normal execution)

VM Mutex/Monitor currently owned by a thread: None

heap address: 0x00000006ca000000, size: 3936 MB, Compressed Oops mode: Zero based, Oop shift amount: 3
Narrow klass base: 0x0000000000000000, Narrow klass shift: 3
Compressed class space size: 1073741824 Address: 0x00000007c0000000

Heap:
 PSYoungGen      total 73728K, used 1269K [0x000000076e000000, 0x0000000773200000, 0x00000007c0000000)
  eden space 63488K, 2% used [0x000000076e000000,0x000000076e13d718,0x0000000771e00000)
  from space 10240K, 0% used [0x0000000772800000,0x0000000772800000,0x0000000773200000)
  to   space 10240K, 0% used [0x0000000771e00000,0x0000000771e00000,0x0000000772800000)
 ParOldGen       total 167936K, used 0K [0x00000006ca000000, 0x00000006d4400000, 0x000000076e000000)
  object space 167936K, 0% used [0x00000006ca000000,0x00000006ca000000,0x00000006d4400000)
 Metaspace       used 778K, capacity 4480K, committed 4480K, reserved 1056768K
  class space    used 76K, capacity 384K, committed 384K, reserved 1048576K

Card table byte_map: [0x000002905e4f0000,0x000002905ecb0000] byte_map_base: 0x000002905aea0000

Marking Bits: (ParMarkBitMap*) 0x000000005d387fe0
 Begin Bits: [0x000002905f1d0000, 0x0000029062f50000)
 End Bits:   [0x0000029062f50000, 0x0000029066cd0000)

Polling page: 0x000002904d8e0000

CodeCache: size=245760Kb used=327Kb max_used=327Kb free=245432Kb
 bounds [0x000002904f130000, 0x000002904f3a0000, 0x000002905e130000]
 total_blobs=57 nmethods=0 adapters=38
 compilation: enabled

Compilation events (0 events):
No events

GC Heap History (0 events):
No events

Deoptimization events (0 events):
No events

Classes redefined (0 events):
No events

Internal exceptions (0 events):
No events

Events (10 events):
Event: 0.019 loading class java/lang/Short
Event: 0.019 loading class java/lang/Short done
Event: 0.019 loading class java/lang/Integer
Event: 0.019 loading class java/lang/Integer done
Event: 0.019 loading class java/lang/Long
Event: 0.019 loading class java/lang/Long done
Event: 0.019 loading class java/lang/NullPointerException
Event: 0.020 loading class java/lang/NullPointerException done
Event: 0.020 loading class java/lang/ArithmeticException
Event: 0.020 loading class java/lang/ArithmeticException done


Dynamic libraries:
0x00007ff647120000 - 0x00007ff647167000 	C:\Program Files\Java\jdk1.8.0_291\bin\java.exe
0x00007ffbd18f0000 - 0x00007ffbd1ae5000 	C:\Windows\SYSTEM32\ntdll.dll
0x00007ffbcfea0000 - 0x00007ffbcff5d000 	C:\Windows\System32\KERNEL32.DLL
0x00007ffbcf340000 - 0x00007ffbcf609000 	C:\Windows\System32\KERNELBASE.dll
0x00007ffbd1360000 - 0x00007ffbd140c000 	C:\Windows\System32\ADVAPI32.dll
0x00007ffbd03b0000 - 0x00007ffbd044e000 	C:\Windows\System32\msvcrt.dll
0x00007ffbd0090000 - 0x00007ffbd012b000 	C:\Windows\System32\sechost.dll
0x00007ffbcff60000 - 0x00007ffbd008a000 	C:\Windows\System32\RPCRT4.dll
0x00007ffbd0130000 - 0x00007ffbd02d0000 	C:\Windows\System32\USER32.dll
0x00007ffbcf210000 - 0x00007ffbcf232000 	C:\Windows\System32\win32u.dll
0x00007ffbd0450000 - 0x00007ffbd047a000 	C:\Windows\System32\GDI32.dll
0x00007ffbcf850000 - 0x00007ffbcf95b000 	C:\Windows\System32\gdi32full.dll
0x00007ffbcf610000 - 0x00007ffbcf6ad000 	C:\Windows\System32\msvcp_win.dll
0x00007ffbcf240000 - 0x00007ffbcf340000 	C:\Windows\System32\ucrtbase.dll
0x00007ffbc58d0000 - 0x00007ffbc5b6a000 	C:\Windows\WinSxS\amd64_microsoft.windows.common-controls_6595b64144ccf1df_6.0.19041.1110_none_60b5254171f9507e\COMCTL32.dll
0x00007ffbd1880000 - 0x00007ffbd18b0000 	C:\Windows\System32\IMM32.DLL
0x00007ffbc9460000 - 0x00007ffbc9475000 	C:\Program Files\Java\jdk1.8.0_291\jre\bin\vcruntime140.dll
0x00007ffbb4ef0000 - 0x00007ffbb4f8b000 	C:\Program Files\Java\jdk1.8.0_291\jre\bin\msvcp140.dll
0x000000005cba0000 - 0x000000005d400000 	C:\Program Files\Java\jdk1.8.0_291\jre\bin\server\jvm.dll
0x00007ffbcfb70000 - 0x00007ffbcfb78000 	C:\Windows\System32\PSAPI.DLL
0x00007ffbc0e70000 - 0x00007ffbc0e7a000 	C:\Windows\SYSTEM32\VERSION.dll
0x00007ffbc7800000 - 0x00007ffbc7809000 	C:\Windows\SYSTEM32\WSOCK32.dll
0x00007ffbcba70000 - 0x00007ffbcba97000 	C:\Windows\SYSTEM32\WINMM.dll
0x00007ffbd12f0000 - 0x00007ffbd135b000 	C:\Windows\System32\WS2_32.dll
0x00007ffbcd920000 - 0x00007ffbcd932000 	C:\Windows\SYSTEM32\kernel.appcore.dll
0x00007ffbc93e0000 - 0x00007ffbc93f0000 	C:\Program Files\Java\jdk1.8.0_291\jre\bin\verify.dll
0x00007ffbc9230000 - 0x00007ffbc925b000 	C:\Program Files\Java\jdk1.8.0_291\jre\bin\java.dll
0x00007ffbb69e0000 - 0x00007ffbb6a10000 	C:\Program Files\Java\jdk1.8.0_291\jre\bin\instrument.dll
0x00007ffbc92c0000 - 0x00007ffbc92d8000 	C:\Program Files\Java\jdk1.8.0_291\jre\bin\zip.dll
0x00007ffbcd6d0000 - 0x00007ffbcd8b4000 	C:\Windows\SYSTEM32\dbghelp.dll
0x00007ffbcf760000 - 0x00007ffbcf7e3000 	C:\Windows\System32\bcryptPrimitives.dll

VM Arguments:
jvm_args: -ea -Didea.test.cyclic.buffer.size=1048576 -javaagent:C:\Program Files\JetBrains\IntelliJ IDEA Community Edition 2021.1.1\lib\idea_rt.jar=63279:C:\Program Files\JetBrains\IntelliJ IDEA Community Edition 2021.1.1\bin -Dfile.encoding=UTF-8 
java_command: com.intellij.rt.junit.JUnitStarter -ideVersion5 -junit4 runner.Runner
java_class_path (initial): C:\Program Files\JetBrains\IntelliJ IDEA Community Edition 2021.1.1\lib\idea_rt.jar;C:\Program Files\JetBrains\IntelliJ IDEA Community Edition 2021.1.1\plugins\junit\lib\junit5-rt.jar;C:\Program Files\JetBrains\IntelliJ IDEA Community Edition 2021.1.1\plugins\junit\lib\junit-rt.jar;C:\Program Files\Java\jdk1.8.0_291\jre\lib\charsets.jar;C:\Program Files\Java\jdk1.8.0_291\jre\lib\deploy.jar;C:\Program Files\Java\jdk1.8.0_291\jre\lib\ext\access-bridge-64.jar;C:\Program Files\Java\jdk1.8.0_291\jre\lib\ext\cldrdata.jar;C:\Program Files\Java\jdk1.8.0_291\jre\lib\ext\dnsns.jar;C:\Program Files\Java\jdk1.8.0_291\jre\lib\ext\jaccess.jar;C:\Program Files\Java\jdk1.8.0_291\jre\lib\ext\jfxrt.jar;C:\Program Files\Java\jdk1.8.0_291\jre\lib\ext\localedata.jar;C:\Program Files\Java\jdk1.8.0_291\jre\lib\ext\nashorn.jar;C:\Program Files\Java\jdk1.8.0_291\jre\lib\ext\sunec.jar;C:\Program Files\Java\jdk1.8.0_291\jre\lib\ext\sunjce_provider.jar;C:\Program Files\Java\jdk1.8.0_291\jre\lib\ext\sunmscapi.jar;C:\Program Files\Java\jdk1.8.0_291\jre\lib\ext\sunpkcs11.jar;C:\Program Files\Java\jdk1.8.0_291\jre\lib\ext\zipfs.jar;C:\Program Files\Java\jdk1.8.0_291\jre\lib\javaws.jar;C:\Program Files\Java\jdk1.8.0_291\jre\lib\jce.jar;C:\Program Files\Java\jdk1.8.0_291\jre\lib\jfr.jar;C:\Program Files\Java\jdk1.8.0_291\jre\lib\jfxswt.jar;C:\Program Files\Java\jdk1.8.0_291\jre\lib\jsse.jar;C:\Program Files\Java\jdk1.8.0_291\jre\lib\management-agent.jar;C:\Program Files\Java\jdk1.8.0_291\jre\lib\plugin.jar;C:\Program Files\Java\jdk1.8.0_291\jre\lib\resources.jar;C:\Program Files\Java\jdk1.8.0_291\jre\lib\rt.jar;D:\Repositorios Chapter\Base_Cucumber\target\test-classes;C:\Users\dacodes\.m2\repository\junit\junit\4.12\junit-4.12.jar;C:\Users\dacodes\.m2\repository\org\hamcrest\hamcrest-core\1.3\hamcrest-core-1.3.jar;C:\Users\dacodes\.m2\repository\org\testng\testng\7.3.0\testng-7.3.0.jar;C:\Users\dacodes\.m2\repository\com\beust\jcommander\1.78\jcommander-1.78.jar;C:\Users
Launcher Type: SUN_STANDARD

Environment Variables:
JAVA_HOME=C:\Program Files\Java\jdk1.8.0_291
PATH=C:\Program Files (x86)\Common Files\Oracle\Java\javapath;C:\Windows\system32;C:\Windows;C:\Windows\System32\Wbem;C:\Windows\System32\WindowsPowerShell\v1.0\;C:\Windows\System32\OpenSSH\;C:\Program Files\Java\jdk1.8.0_291\bin;C:\Users\dacodes\Documents\apache-maven-3.8.1\bin;C:\Program Files\Git\cmd;C:\Program Files\Amazon\AWSCLIV2\;C:\Users\dacodes\AppData\Local\Android\Sdk\platform-tools;C:\Users\dacodes\AppData\Local\Android\Sdk\tools;C:\Users\dacodes\AppData\Local\Android\Sdk\tools\bin;C:\Users\dacodes\AppData\Local\Programs\Python\Python39\Scripts\;C:\Users\dacodes\AppData\Local\Programs\Python\Python39\;C:\Users\dacodes\AppData\Local\Microsoft\WindowsApps;
USERNAME=dacodes
OS=Windows_NT
PROCESSOR_IDENTIFIER=AMD64 Family 23 Model 96 Stepping 1, AuthenticAMD



---------------  S Y S T E M  ---------------

OS: Windows 10.0 , 64 bit Build 19041 (10.0.19041.1023)

CPU:total 16 (initial active 16) (16 cores per cpu, 1 threads per core) family 23 model 96 stepping 1, cmov, cx8, fxsr, mmx, sse, sse2, sse3, ssse3, sse4.1, sse4.2, popcnt, avx, avx2, aes, clmul, mmxext, 3dnowpref, lzcnt, sse4a, tsc, tscinvbit, tscinv, bmi1

Memory: 4k page, physical 16119108k(2343440k free), swap 31847744k(4828k free)

vm_info: Java HotSpot(TM) 64-Bit Server VM (25.291-b10) for windows-amd64 JRE (1.8.0_291-b10), built on Apr  9 2021 00:02:00 by "java_re" with MS VC++ 15.9 (VS2017)

time: Wed Jul 28 15:18:36 2021
timezone: Hora de verano central (México)
elapsed time: 0.038128 seconds (0d 0h 0m 0s)

